生成启动时间为 2016/3/13 16:05:52。
     1>项目“C:\Users\Administrator-\Documents\marker\tagDetect\tagDetect\tagDetect.vcxproj”在节点 2 上(build 个目标)。
     1>InitializeBuildStatus:
         正在创建“Debug\tagDetect.unsuccessfulbuild”，因为已指定“AlwaysCreate”。
       ClCompile:
         D:\VisualStudio\VC\bin\CL.exe /c /Zi /nologo /W3 /WX- /Od /Oy- /GL /D _MBCS /Gm /EHsc /RTC1 /MDd /GS /fp:precise /Zc:wchar_t /Zc:forScope /Fo"Debug\\" /Fd"Debug\vc100.pdb" /Gd /TP /analyze- /errorReport:prompt main.cpp
         main.cpp
       Link:
         D:\VisualStudio\VC\bin\link.exe /ERRORREPORT:PROMPT /OUT:"C:\Users\Administrator-\Documents\marker\tagDetect\Debug\tagDetect.exe" /NOLOGO chilitags.lib opencv_calib3d248d.lib opencv_highgui248d.lib opencv_video248d.lib opencv_ml248d.lib opencv_legacy248d.lib opencv_imgproc248d.lib opencv_gpu248d.lib opencv_core248d.lib kernel32.lib user32.lib gdi32.lib winspool.lib comdlg32.lib advapi32.lib shell32.lib ole32.lib oleaut32.lib uuid.lib odbc32.lib odbccp32.lib ws2_32.lib /NODEFAULTLIB:LIBC.lib /MANIFEST /ManifestFile:"Debug\tagDetect.exe.intermediate.manifest" /MANIFESTUAC:"level='asInvoker' uiAccess='false'" /DEBUG /PDB:"C:\Users\Administrator-\Documents\marker\tagDetect\Debug\tagDetect.pdb" /LTCG /TLBID:1 /DYNAMICBASE /NXCOMPAT /IMPLIB:"C:\Users\Administrator-\Documents\marker\tagDetect\Debug\tagDetect.lib" /MACHINE:X86 Debug\main.obj
         正在生成代码
         已完成代码的生成
     1>chilitags.lib(Binarize.obj) : warning LNK4099: 未找到 PDB“chilitags.pdb”(使用“chilitags.lib(Binarize.obj)”或在“C:\Users\Administrator-\Documents\marker\tagDetect\Debug\chilitags.pdb”中寻找)；正在链接对象，如同没有调试信息一样
     1>chilitags.lib(Chilitag.obj) : warning LNK4099: 未找到 PDB“chilitags.pdb”(使用“chilitags.lib(Chilitag.obj)”或在“C:\Users\Administrator-\Documents\marker\tagDetect\Debug\chilitags.pdb”中寻找)；正在链接对象，如同没有调试信息一样
     1>chilitags.lib(Codec.obj) : warning LNK4099: 未找到 PDB“chilitags.pdb”(使用“chilitags.lib(Codec.obj)”或在“C:\Users\Administrator-\Documents\marker\tagDetect\Debug\chilitags.pdb”中寻找)；正在链接对象，如同没有调试信息一样
     1>chilitags.lib(Decode.obj) : warning LNK4099: 未找到 PDB“chilitags.pdb”(使用“chilitags.lib(Decode.obj)”或在“C:\Users\Administrator-\Documents\marker\tagDetect\Debug\chilitags.pdb”中寻找)；正在链接对象，如同没有调试信息一样
     1>chilitags.lib(DetectChilitags.obj) : warning LNK4099: 未找到 PDB“chilitags.pdb”(使用“chilitags.lib(DetectChilitags.obj)”或在“C:\Users\Administrator-\Documents\marker\tagDetect\Debug\chilitags.pdb”中寻找)；正在链接对象，如同没有调试信息一样
     1>chilitags.lib(DetectEdges.obj) : warning LNK4099: 未找到 PDB“chilitags.pdb”(使用“chilitags.lib(DetectEdges.obj)”或在“C:\Users\Administrator-\Documents\marker\tagDetect\Debug\chilitags.pdb”中寻找)；正在链接对象，如同没有调试信息一样
     1>chilitags.lib(EnsureGreyscale.obj) : warning LNK4099: 未找到 PDB“chilitags.pdb”(使用“chilitags.lib(EnsureGreyscale.obj)”或在“C:\Users\Administrator-\Documents\marker\tagDetect\Debug\chilitags.pdb”中寻找)；正在链接对象，如同没有调试信息一样
     1>chilitags.lib(FindQuads.obj) : warning LNK4099: 未找到 PDB“chilitags.pdb”(使用“chilitags.lib(FindQuads.obj)”或在“C:\Users\Administrator-\Documents\marker\tagDetect\Debug\chilitags.pdb”中寻找)；正在链接对象，如同没有调试信息一样
     1>chilitags.lib(ReadBits.obj) : warning LNK4099: 未找到 PDB“chilitags.pdb”(使用“chilitags.lib(ReadBits.obj)”或在“C:\Users\Administrator-\Documents\marker\tagDetect\Debug\chilitags.pdb”中寻找)；正在链接对象，如同没有调试信息一样
     1>chilitags.lib(Refine.obj) : warning LNK4099: 未找到 PDB“chilitags.pdb”(使用“chilitags.lib(Refine.obj)”或在“C:\Users\Administrator-\Documents\marker\tagDetect\Debug\chilitags.pdb”中寻找)；正在链接对象，如同没有调试信息一样
     1>chilitags.lib(Register.obj) : warning LNK4099: 未找到 PDB“chilitags.pdb”(使用“chilitags.lib(Register.obj)”或在“C:\Users\Administrator-\Documents\marker\tagDetect\Debug\chilitags.pdb”中寻找)；正在链接对象，如同没有调试信息一样
     1>chilitags.lib(Registrar.obj) : warning LNK4099: 未找到 PDB“chilitags.pdb”(使用“chilitags.lib(Registrar.obj)”或在“C:\Users\Administrator-\Documents\marker\tagDetect\Debug\chilitags.pdb”中寻找)；正在链接对象，如同没有调试信息一样
     1>chilitags.lib(Undistort.obj) : warning LNK4099: 未找到 PDB“chilitags.pdb”(使用“chilitags.lib(Undistort.obj)”或在“C:\Users\Administrator-\Documents\marker\tagDetect\Debug\chilitags.pdb”中寻找)；正在链接对象，如同没有调试信息一样
         tagDetect.vcxproj -> C:\Users\Administrator-\Documents\marker\tagDetect\Debug\tagDetect.exe
       Manifest:
         C:\Program Files (x86)\Microsoft SDKs\Windows\v7.0A\bin\mt.exe /nologo /verbose /outputresource:"C:\Users\Administrator-\Documents\marker\tagDetect\Debug\tagDetect.exe;#1" /manifest Debug\tagDetect.exe.intermediate.manifest
       FinalizeBuildStatus:
         正在删除文件“Debug\tagDetect.unsuccessfulbuild”。
         正在对“Debug\tagDetect.lastbuildstate”执行 Touch 任务。
     1>已完成生成项目“C:\Users\Administrator-\Documents\marker\tagDetect\tagDetect\tagDetect.vcxproj”(build 个目标)的操作。

生成成功。

已用时间 00:00:02.03
