C:\USERS\C\DESKTOP\MARKER\TAGDETECT\RELEASE\TAGDETECT.EXE
C:\USERS\C\DESKTOP\MARKER\TAGDETECT\RELEASE\TAGDETECT.PDB
C:\Users\c\Desktop\marker\tagDetect\tagDetect\Release\cl.command.1.tlog
C:\Users\c\Desktop\marker\tagDetect\tagDetect\Release\CL.read.1.tlog
C:\Users\c\Desktop\marker\tagDetect\tagDetect\Release\CL.write.1.tlog
C:\Users\c\Desktop\marker\tagDetect\tagDetect\Release\link.command.1.tlog
C:\Users\c\Desktop\marker\tagDetect\tagDetect\Release\link.read.1.tlog
C:\Users\c\Desktop\marker\tagDetect\tagDetect\Release\link.write.1.tlog
C:\USERS\C\DESKTOP\MARKER\TAGDETECT\TAGDETECT\RELEASE\MAIN.OBJ
C:\Users\c\Desktop\marker\tagDetect\tagDetect\Release\mt.command.1.tlog
C:\Users\c\Desktop\marker\tagDetect\tagDetect\Release\mt.read.1.tlog
C:\Users\c\Desktop\marker\tagDetect\tagDetect\Release\mt.read.2.tlog
C:\Users\c\Desktop\marker\tagDetect\tagDetect\Release\mt.write.1.tlog
C:\USERS\C\DESKTOP\MARKER\TAGDETECT\TAGDETECT\RELEASE\TAGDETECT.EXE.INTERMEDIATE.MANIFEST
C:\Users\c\Desktop\marker\tagDetect\tagDetect\Release\tagDetect.vcxprojResolveAssemblyReference.cache
C:\Users\c\Desktop\marker\tagDetect\tagDetect\Release\tagDetect.write.1.tlog
C:\USERS\C\DESKTOP\MARKER\TAGDETECT\TAGDETECT\RELEASE\VC100.PDB
D:\MY DOCUMENTS\DESKTOP\TAGDETECT\RELEASE\TAGDETECT.EXE
D:\MY DOCUMENTS\DESKTOP\TAGDETECT\RELEASE\TAGDETECT.PDB
D:\MY DOCUMENTS\DESKTOP\TAGDETECT\TAGDETECT\RELEASE\MAIN.OBJ
D:\MY DOCUMENTS\DESKTOP\TAGDETECT\TAGDETECT\RELEASE\TAGDETECT.EXE.INTERMEDIATE.MANIFEST
D:\MY DOCUMENTS\DESKTOP\TAGDETECT\TAGDETECT\RELEASE\VC100.PDB
