生成启动时间为 3/1/2016 3:05:59 AM。
     1>项目“C:\Users\c\Desktop\marker\tagDetect\tagDetect\tagDetect.vcxproj”在节点 2 上(build 个目标)。
     1>InitializeBuildStatus:
         正在创建“Release\tagDetect.unsuccessfulbuild”，因为已指定“AlwaysCreate”。
       ClCompile:
         D:\Program Files (x86)\Microsoft Visual Studio 10.0\VC\bin\CL.exe /c /Zi /nologo /W3 /WX- /O2 /Oi /Oy- /GL /D _MBCS /Gm- /EHsc /MD /GS /Gy /fp:precise /Zc:wchar_t /Zc:forScope /Fo"Release\\" /Fd"Release\vc100.pdb" /Gd /TP /analyze- /errorReport:prompt main.cpp
         main.cpp
     1>main.cpp(69): warning C4244: “参数”: 从“float”转换到“int”，可能丢失数据
     1>main.cpp(69): warning C4244: “参数”: 从“float”转换到“int”，可能丢失数据
     1>main.cpp(89): warning C4244: “参数”: 从“float”转换到“int”，可能丢失数据
     1>main.cpp(89): warning C4244: “参数”: 从“float”转换到“int”，可能丢失数据
     1>main.cpp(93): warning C4244: “参数”: 从“float”转换到“int”，可能丢失数据
     1>main.cpp(93): warning C4244: “参数”: 从“float”转换到“int”，可能丢失数据
       Link:
         D:\Program Files (x86)\Microsoft Visual Studio 10.0\VC\bin\link.exe /ERRORREPORT:PROMPT /OUT:"C:\Users\c\Desktop\marker\tagDetect\Release\tagDetect.exe" /NOLOGO chilitags_release.lib opencv_calib3d248.lib opencv_highgui248.lib opencv_video248.lib opencv_ml248.lib opencv_legacy248.lib opencv_imgproc248.lib opencv_gpu248.lib opencv_core248.lib kernel32.lib user32.lib gdi32.lib winspool.lib comdlg32.lib advapi32.lib shell32.lib ole32.lib oleaut32.lib uuid.lib odbc32.lib odbccp32.lib /NODEFAULTLIB:LIBC.lib /MANIFEST /ManifestFile:"Release\tagDetect.exe.intermediate.manifest" /MANIFESTUAC:"level='asInvoker' uiAccess='false'" /DEBUG /PDB:"C:\Users\c\Desktop\marker\tagDetect\Release\tagDetect.pdb" /OPT:REF /OPT:ICF /LTCG /TLBID:1 /DYNAMICBASE /NXCOMPAT /IMPLIB:"C:\Users\c\Desktop\marker\tagDetect\Release\tagDetect.lib" /MACHINE:X86 Release\main.obj
         正在生成代码
         已完成代码的生成
         tagDetect.vcxproj -> C:\Users\c\Desktop\marker\tagDetect\Release\tagDetect.exe
       Manifest:
         c:\Program Files (x86)\Microsoft SDKs\Windows\v7.0A\bin\mt.exe /nologo /verbose /outputresource:"C:\Users\c\Desktop\marker\tagDetect\Release\tagDetect.exe;#1" /manifest Release\tagDetect.exe.intermediate.manifest
       FinalizeBuildStatus:
         正在删除文件“Release\tagDetect.unsuccessfulbuild”。
         正在对“Release\tagDetect.lastbuildstate”执行 Touch 任务。
     1>已完成生成项目“C:\Users\c\Desktop\marker\tagDetect\tagDetect\tagDetect.vcxproj”(build 个目标)的操作。

生成成功。

已用时间 00:00:05.41
